<?xml version="1.0" encoding="UTF-8"?>
<!-- Generated by org.testng.reporters.JUnitReportReporter -->
<testsuite hostname="Holly-Maes-MBP.hitronhub.home" failures="0" tests="2" name="test.InitialTest" time="56.326" errors="0" timestamp="6 Feb 2020 01:52:08 GMT">
  <testcase classname="test.InitialTest" name="canRegisterNewUser" time="20.803"/>
  <testcase classname="test.InitialTest" name="cannotRegisterNewUserValidation" time="35.523"/>
</testsuite> <!-- test.InitialTest -->
